-0.232844   0.155222   -0.217557
-0.106198   -0.144331   -0.0071485
-0.116398   -0.058286   0.471603
-0.394766   -0.409289   0.447493
-0.103962   -0.295322   0.0938751
-0.477784   0.254103   0.395486
-0.26105   0.117905   0.209243
-0.397289   -0.312489   -0.420996
-0.108877   0.277919   -0.277271
-0.216514   0.160384   0.0779147
0.274276   -0.0921913   0.00662589
0.151861   -0.126958   0.253677
0.479542   0.195215   0.000917676
0.377455   0.330099   -0.0841759
0.319449   -0.0409031   -0.251471
0.129862   -0.470879   -0.0512163
0.220561   0.196021   -0.22522
0.497178   -0.0698374   -0.29258
-0.0115047   -0.295529   -0.235272
0.203099   0.361742   -0.0346275
-0.157812   0.11626   0.222031
-0.470978   -0.0785962   0.0558128
0.0637676   -0.10521   0.0339552
-0.431384   -0.444772   0.2984
-0.0675687   0.118367   0.254151
-0.434016   -0.0546116   -0.386607
-0.332891   -0.482546   -0.0358503
0.213746   0.30594   -0.178732
0.418033   0.459142   0.244496
-0.141408   -0.145986   0.421385
-0.362544   0.465685   0.462662
-0.452188   0.384677   0.444814
0.381901   -0.120689   0.204745
-0.279   -0.324407   0.135288
-0.0998414   -0.00537791   0.403011
-0.00544268   0.111042   0.159236
0.0967613   -0.0214996   0.146481
0.271387   0.120013   0.457732
0.144728   -0.307074   -0.414072
-0.413766   0.434349   0.228838
-0.428775   0.442135   0.00268538
0.129653   0.369073   -0.228055
-0.384402   0.390482   -0.052646
-0.0368832   -0.212835   -0.0783844
0.203291   -0.0891484   -0.383297
-0.325529   -0.184941   -0.329772
0.494209   -0.182308   -0.371312
0.498202   -0.145968   -0.239097
0.124786   0.24572   -0.00177425
0.099726   0.380255   -0.00155976
-0.0943267   -0.0711802   -0.455292
-0.475339   -0.00224084   -0.244884
-0.238198   0.0588101   -0.4446
0.172168   0.451901   0.477368
-0.20258   0.0157827   -0.178478
0.433523   -0.432001   0.406315
0.0780743   -0.143946   -0.194653
0.292692   -0.17048   0.340467
-0.0378798   0.246464   -0.0690893
-0.331354   -0.0794381   -0.40674
-0.447171   -0.0687378   -0.0310842
-0.0537293   0.380379   0.196033
0.22793   0.0115906   -0.0714888
-0.335117   0.0621529   -0.241797
-0.432104   -0.21285   -0.108868
0.107441   -0.162733   0.38768
-0.168451   -0.139726   0.108564
0.358881   -0.114657   0.429722
-0.435528   0.0730413   -0.239408
0.192004   0.299228   -0.0801934
-0.217157   -0.196722   -0.139669
0.333277   -0.0909346   0.266726
0.230557   0.233097   -0.355041
0.179724   -0.223315   0.276088
0.143399   0.461821   0.363722
0.427084   0.288064   -0.139121
-0.357784   0.469086   0.141253
-0.182239   -0.0835737   -0.431537
0.430561   -0.00617347   0.285387
-0.0193357   -0.274892   -0.431032
0.187037   -0.255654   -0.173064
-0.222246   -0.121828   0.401632
-0.106566   -0.339754   -0.0141857
-0.475945   -0.437078   0.379963
0.279795   0.228145   -0.18177
-0.174705   0.347649   -0.220315
0.468197   -0.134516   0.156574
0.216753   0.360092   0.0443089
0.49073   -0.319893   -0.152417
-0.0705752   0.0122208   0.491948
-0.195995   -0.0452982   0.474641
0.351067   -0.0115025   -0.469024
-0.0470695   0.269708   -0.32569
0.309714   -0.0195069   0.353956
0.47997   -0.254116   -0.0957771
0.484292   0.315324   -0.0102539
0.0364413   -0.140655   -0.0922784
-0.246176   -0.0618843   0.217933
0.109976   0.280541   0.245669
0.279993   -0.483896   0.322719
-0.126556   -0.322334   0.293432
0.354425   -0.11681   0.0971362
-0.0896246   0.304973   0.476656
-0.119536   -0.0720881   0.109137
-0.253402   -0.425262   -0.475252
0.0819749   0.278124   0.333012
-0.392035   -0.0715619   -0.157788
0.269189   0.489279   0.218884
