0.499489   0.499954   -0.499954
-0.33232   -0.336251   -0.499662
0.499945   -0.334121   -0.332328
-0.334052   0.499972   -0.333685
-0.167738   0.499357   0.498776
-0.00114535   -0.333693   -0.499816
-0.164622   -0.333602   -0.333212
-0.00117093   0.499653   -0.330823
0.166774   0.49928   0.498138
0.33376   -0.33526   -0.498529
0.166642   -0.333124   -0.333611
0.333502   0.499702   -0.333271
-0.499759   -0.165481   -0.499165
-0.332055   -0.000278222   -0.499463
-0.499085   -0.00115587   -0.332563
-0.332522   -0.166046   -0.331935
-0.1663   -0.164372   -0.499944
0.00178235   -0.000822028   -0.499756
-0.167169   0.00181987   -0.332405
-0.00147916   -0.167606   -0.33364
0.166902   -0.168611   -0.499216
0.332592   0.00257435   0.499058
0.164596   0.000779007   -0.33414
0.332484   -0.166537   -0.333221
0.499827   0.166439   -0.499375
-0.333388   0.333166   0.499899
-0.499681   0.330783   -0.334452
-0.333737   0.16669   -0.33252
-0.164919   0.166633   0.498126
0.000979675   0.332047   0.498417
-0.165881   0.332458   -0.335305
8.08357e-005   0.166944   -0.335893
0.167692   0.167834   0.499168
0.332173   0.332542   -0.499939
0.169323   0.333773   -0.335515
0.331906   0.16765   -0.333347
-0.498669   0.499324   -0.16591
-0.330974   -0.33321   -0.167391
-0.499437   -0.334743   -0.000166529
-0.333995   0.499861   -0.000435278
-0.164621   0.498938   -0.16647
-7.72925e-005   -0.332404   -0.16755
-0.166221   -0.333608   0.000130924
-0.00205501   0.498306   -0.00130068
0.168532   0.499473   -0.164215
0.331017   -0.333928   -0.166571
0.165827   -0.334499   0.000840525
0.333068   -0.49849   -0.000739361
0.498313   -0.166767   -0.165511
-0.334196   0.000405065   -0.169723
0.499445   -0.000134678   -0.00225884
-0.333146   -0.167607   -6.39089e-005
-0.166412   -0.165047   -0.164965
0.00180126   -0.00172333   -0.166291
-0.167968   -0.000280225   0.000452723
0.000269005   -0.165248   0.00116739
0.16726   -0.163706   -0.16641
0.333796   0.000171554   -0.167097
0.166333   0.000833863   -0.00172994
0.331559   -0.167204   -0.00281378
0.499819   0.167343   -0.166538
-0.333803   0.333242   -0.166882
0.499537   0.332304   -0.000346894
-0.334175   0.16872   0.000913336
-0.164758   0.166111   -0.164873
-0.00229693   0.332686   -0.167249
-0.166541   0.333139   0.000161644
-0.00148694   0.166391   0.00171171
0.167003   0.166906   -0.165822
0.334087   0.333333   -0.166168
0.166101   0.33511   -0.00203317
0.333866   0.166561   0.0019077
-0.498054   -0.49851   0.166611
-0.333353   -0.333989   0.166137
-0.499567   -0.33297   0.333121
-0.334908   -0.499804   0.333308
-0.165693   -0.497624   0.164872
0.00141208   -0.332884   0.166259
-0.166629   -0.332977   0.334299
0.00245931   0.499977   0.334579
0.168208   0.496614   0.167997
0.333555   -0.336199   0.167533
0.16767   -0.334274   0.329548
0.335268   -0.499391   0.334192
0.498902   -0.165185   0.167979
-0.333522   0.000309558   0.167808
0.499818   0.000216467   0.33375
-0.332278   -0.166005   0.335422
-0.167563   -0.167099   0.165265
0.00242914   -0.000189291   0.168194
-0.165667   -0.000476348   0.331876
-0.00132789   -0.165585   0.332587
0.16779   -0.167462   0.166091
0.330859   -0.00125111   0.165906
0.16506   -0.000179164   0.332971
0.335082   -0.164792   0.331771
-0.498261   0.167001   0.166976
-0.332599   0.332039   0.168075
-0.499808   0.33403   0.334253
-0.332451   0.166262   0.333421
-0.1661   0.166122   0.166721
0.00030341   0.331958   0.16736
-0.166798   0.333353   0.332755
-0.00164157   0.164304   0.33212
0.165568   0.16367   0.165281
0.332943   0.331291   0.167054
0.166927   0.332061   0.334044
0.335078   0.165394   0.332371
